<?xml version="1.0" encoding="UTF-8"?>
<testng-results ignored="0" total="1" passed="1" failed="0" skipped="0">
  <reporter-output>
  </reporter-output>
  <suite started-at="2022-05-11T06:08:53Z" name="Default suite" finished-at="2022-05-11T06:09:39Z" duration-ms="45619">
    <groups>
    </groups>
    <test started-at="2022-05-11T06:08:53Z" name="Default test" finished-at="2022-05-11T06:09:39Z" duration-ms="45619">
      <class name="Test.LoginTest">
        <test-method signature="logintest()[pri:0, instance:Test.LoginTest@5149d738]" started-at="2022-05-11T06:08:53Z" name="logintest" finished-at="2022-05-11T06:09:39Z" duration-ms="45571" status="PASS">
          <reporter-output>
          </reporter-output>
        </test-method> <!-- logintest -->
      </class> <!-- Test.LoginTest -->
    </test> <!-- Default test -->
  </suite> <!-- Default suite -->
</testng-results>
