<?xml version="1.0" encoding="UTF-8"?>
<testng-results ignored="0" total="1" passed="1" failed="0" skipped="0">
  <reporter-output>
    <line>
      <![CDATA[this is before suite]]>
    </line>
    <line>
      <![CDATA[this is comleted suite]]>
    </line>
    <line>
      <![CDATA[this is starting of before class]]>
    </line>
    <line>
      <![CDATA[this is after of before class]]>
    </line>
    <line>
      <![CDATA[this is starting of after method]]>
    </line>
    <line>
      <![CDATA[this is after of after method]]>
    </line>
    <line>
      <![CDATA[this is starting of after class]]>
    </line>
    <line>
      <![CDATA[this is after of after class]]>
    </line>
  </reporter-output>
  <suite started-at="2022-05-04T11:40:59 IST" name="Default suite" finished-at="2022-05-04T11:41:15 IST" duration-ms="15755">
    <groups>
    </groups>
    <test started-at="2022-05-04T11:40:59 IST" name="Default test" finished-at="2022-05-04T11:41:15 IST" duration-ms="15755">
      <class name="com.learnautomation.testcases.LoginTestCRM">
        <test-method is-config="true" signature="setUPExcel()[pri:0, instance:com.learnautomation.testcases.LoginTestCRM@5119fb47]" started-at="2022-05-04T11:40:59 IST" name="setUPExcel" finished-at="2022-05-04T11:40:59 IST" duration-ms="763" status="PASS">
          <reporter-output>
            <line>
              <![CDATA[this is before suite]]>
            </line>
            <line>
              <![CDATA[this is comleted suite]]>
            </line>
          </reporter-output>
        </test-method> <!-- setUPExcel -->
        <test-method is-config="true" signature="setUp()[pri:0, instance:com.learnautomation.testcases.LoginTestCRM@5119fb47]" started-at="2022-05-04T11:40:59 IST" name="setUp" finished-at="2022-05-04T11:41:14 IST" duration-ms="14359" status="PASS">
          <reporter-output>
            <line>
              <![CDATA[this is starting of before class]]>
            </line>
            <line>
              <![CDATA[this is after of before class]]>
            </line>
          </reporter-output>
        </test-method> <!-- setUp -->
        <test-method signature="loginApp()[pri:0, instance:com.learnautomation.testcases.LoginTestCRM@5119fb47]" started-at="2022-05-04T11:41:14 IST" name="loginApp" finished-at="2022-05-04T11:41:14 IST" duration-ms="278" status="PASS">
          <reporter-output>
          </reporter-output>
        </test-method> <!-- loginApp -->
        <test-method is-config="true" signature="tearDownMethod(org.testng.ITestResult)[pri:0, instance:com.learnautomation.testcases.LoginTestCRM@5119fb47]" started-at="2022-05-04T11:41:14 IST" name="tearDownMethod" finished-at="2022-05-04T11:41:15 IST" duration-ms="697" status="PASS">
          <params>
            <param index="0">
              <value>
                <![CDATA[[TestResult name=loginApp status=SUCCESS method=LoginTestCRM.loginApp()[pri:0, instance:com.learnautomation.testcases.LoginTestCRM@5119fb47] output={null}]]]>
              </value>
            </param>
          </params>
          <reporter-output>
            <line>
              <![CDATA[this is starting of after method]]>
            </line>
            <line>
              <![CDATA[this is after of after method]]>
            </line>
          </reporter-output>
        </test-method> <!-- tearDownMethod -->
        <test-method is-config="true" signature="tearDown()[pri:0, instance:com.learnautomation.testcases.LoginTestCRM@5119fb47]" started-at="2022-05-04T11:41:15 IST" name="tearDown" finished-at="2022-05-04T11:41:15 IST" duration-ms="380" status="PASS">
          <reporter-output>
            <line>
              <![CDATA[this is starting of after class]]>
            </line>
            <line>
              <![CDATA[this is after of after class]]>
            </line>
          </reporter-output>
        </test-method> <!-- tearDown -->
      </class> <!-- com.learnautomation.testcases.LoginTestCRM -->
    </test> <!-- Default test -->
  </suite> <!-- Default suite -->
</testng-results>
