<?xml version="1.0" encoding="UTF-8"?>
<testng-results ignored="0" total="1" passed="1" failed="0" skipped="0">
  <reporter-output>
    <line>
      <![CDATA[this is before suite]]>
    </line>
    <line>
      <![CDATA[this is comleted suite]]>
    </line>
    <line>
      <![CDATA[this is starting of before class]]>
    </line>
    <line>
      <![CDATA[this is after of before class]]>
    </line>
    <line>
      <![CDATA[this is starting of after method]]>
    </line>
    <line>
      <![CDATA[this is after of after method]]>
    </line>
    <line>
      <![CDATA[this is starting of after class]]>
    </line>
    <line>
      <![CDATA[this is after of after class]]>
    </line>
  </reporter-output>
  <suite started-at="2022-05-04T03:14:45Z" name="Suite" finished-at="2022-05-04T03:15:00Z" duration-ms="14225">
    <groups>
    </groups>
    <test started-at="2022-05-04T03:14:45Z" name="Test" finished-at="2022-05-04T03:15:00Z" duration-ms="14225">
      <class name="com.learnautomation.testcases.LoginTestCRM">
        <test-method is-config="true" signature="setUPExcel()[pri:0, instance:com.learnautomation.testcases.LoginTestCRM@6fa51cd4]" started-at="2022-05-04T03:14:44Z" name="setUPExcel" finished-at="2022-05-04T03:14:45Z" duration-ms="1102" status="PASS">
          <reporter-output>
            <line>
              <![CDATA[this is before suite]]>
            </line>
            <line>
              <![CDATA[this is comleted suite]]>
            </line>
          </reporter-output>
        </test-method> <!-- setUPExcel -->
        <test-method is-config="true" signature="setUp()[pri:0, instance:com.learnautomation.testcases.LoginTestCRM@6fa51cd4]" started-at="2022-05-04T03:14:45Z" name="setUp" finished-at="2022-05-04T03:14:57Z" duration-ms="12088" status="PASS">
          <reporter-output>
            <line>
              <![CDATA[this is starting of before class]]>
            </line>
            <line>
              <![CDATA[this is after of before class]]>
            </line>
          </reporter-output>
        </test-method> <!-- setUp -->
        <test-method signature="loginApp()[pri:0, instance:com.learnautomation.testcases.LoginTestCRM@6fa51cd4]" started-at="2022-05-04T03:14:57Z" name="loginApp" finished-at="2022-05-04T03:14:58Z" duration-ms="639" status="PASS">
          <reporter-output>
          </reporter-output>
        </test-method> <!-- loginApp -->
        <test-method is-config="true" signature="tearDownMethod(org.testng.ITestResult)[pri:0, instance:com.learnautomation.testcases.LoginTestCRM@6fa51cd4]" started-at="2022-05-04T03:14:58Z" name="tearDownMethod" finished-at="2022-05-04T03:14:59Z" duration-ms="754" status="PASS">
          <params>
            <param index="0">
              <value>
                <![CDATA[[TestResult name=loginApp status=SUCCESS method=LoginTestCRM.loginApp()[pri:0, instance:com.learnautomation.testcases.LoginTestCRM@6fa51cd4] output={null}]]]>
              </value>
            </param>
          </params>
          <reporter-output>
            <line>
              <![CDATA[this is starting of after method]]>
            </line>
            <line>
              <![CDATA[this is after of after method]]>
            </line>
          </reporter-output>
        </test-method> <!-- tearDownMethod -->
        <test-method is-config="true" signature="tearDown()[pri:0, instance:com.learnautomation.testcases.LoginTestCRM@6fa51cd4]" started-at="2022-05-04T03:14:59Z" name="tearDown" finished-at="2022-05-04T03:15:00Z" duration-ms="728" status="PASS">
          <reporter-output>
            <line>
              <![CDATA[this is starting of after class]]>
            </line>
            <line>
              <![CDATA[this is after of after class]]>
            </line>
          </reporter-output>
        </test-method> <!-- tearDown -->
      </class> <!-- com.learnautomation.testcases.LoginTestCRM -->
    </test> <!-- Test -->
  </suite> <!-- Suite -->
</testng-results>
